# JRE version: Java(TM) SE Runtime Environment (8.0_333-b02) (build 1.8.0_333-b02)
# Java VM: Java HotSpot(TM) 64-Bit Server VM (25.333-b02 mixed mode windows-amd64 compressed oops)
Heap:
 PSYoungGen      total 191488K, used 191476K [0x00000000d6400000, 0x00000000e3e80000, 0x0000000100000000)
  eden space 175616K, 100% used [0x00000000d6400000,0x00000000e0f80000,0x00000000e0f80000)
  from space 15872K, 99% used [0x00000000e2380000,0x00000000e32fd1b8,0x00000000e3300000)
  to   space 20480K, 0% used [0x00000000e0f80000,0x00000000e0f80000,0x00000000e2380000)
 ParOldGen       total 53248K, used 25511K [0x0000000082c00000, 0x0000000086000000, 0x00000000d6400000)
  object space 53248K, 47% used [0x0000000082c00000,0x00000000844e9d68,0x0000000086000000)
 Metaspace       used 32182K, capacity 33764K, committed 34048K, reserved 1079296K
  class space    used 3958K, capacity 4236K, committed 4352K, reserved 1048576K
GC Heap History (10 events):
Event: 1.248 GC heap before
{Heap before GC invocations=5 (full 1):
 PSYoungGen      total 70656K, used 5102K [0x00000000d6400000, 0x00000000dae00000, 0x0000000100000000)
  eden space 65536K, 0% used [0x00000000d6400000,0x00000000d6400000,0x00000000da400000)
  from space 5120K, 99% used [0x00000000da900000,0x00000000dadfb828,0x00000000dae00000)
  to   space 5120K, 0% used [0x00000000da400000,0x00000000da400000,0x00000000da900000)
 ParOldGen       total 86016K, used 6861K [0x0000000082c00000, 0x0000000088000000, 0x00000000d6400000)
  object space 86016K, 7% used [0x0000000082c00000,0x00000000832b37f8,0x0000000088000000)
 Metaspace       used 20401K, capacity 21166K, committed 21248K, reserved 1067008K
  class space    used 2541K, capacity 2743K, committed 2816K, reserved 1048576K
Event: 1.271 GC heap after
Heap after GC invocations=5 (full 1):
 PSYoungGen      total 70656K, used 0K [0x00000000d6400000, 0x00000000dae00000, 0x0000000100000000)
  eden space 65536K, 0% used [0x00000000d6400000,0x00000000d6400000,0x00000000da400000)
  from space 5120K, 0% used [0x00000000da900000,0x00000000da900000,0x00000000dae00000)
  to   space 5120K, 0% used [0x00000000da400000,0x00000000da400000,0x00000000da900000)
 ParOldGen       total 53248K, used 6841K [0x0000000082c00000, 0x0000000086000000, 0x00000000d6400000)
  object space 53248K, 12% used [0x0000000082c00000,0x00000000832ae5c8,0x0000000086000000)
 Metaspace       used 20401K, capacity 21166K, committed 21248K, reserved 1067008K
  class space    used 2541K, capacity 2743K, committed 2816K, reserved 1048576K
}
Event: 1.509 GC heap before
{Heap before GC invocations=6 (full 1):
 PSYoungGen      total 70656K, used 65536K [0x00000000d6400000, 0x00000000dae00000, 0x0000000100000000)
  eden space 65536K, 100% used [0x00000000d6400000,0x00000000da400000,0x00000000da400000)
  from space 5120K, 0% used [0x00000000da900000,0x00000000da900000,0x00000000dae00000)
  to   space 5120K, 0% used [0x00000000da400000,0x00000000da400000,0x00000000da900000)
 ParOldGen       total 53248K, used 6841K [0x0000000082c00000, 0x0000000086000000, 0x00000000d6400000)
  object space 53248K, 12% used [0x0000000082c00000,0x00000000832ae5c8,0x0000000086000000)
 Metaspace       used 22021K, capacity 22984K, committed 23168K, reserved 1069056K
  class space    used 2729K, capacity 2944K, committed 2944K, reserved 1048576K
Event: 1.513 GC heap after
Heap after GC invocations=6 (full 1):
 PSYoungGen      total 70656K, used 5117K [0x00000000d6400000, 0x00000000ddf80000, 0x0000000100000000)
  eden space 65536K, 0% used [0x00000000d6400000,0x00000000d6400000,0x00000000da400000)
  from space 5120K, 99% used [0x00000000da400000,0x00000000da8ff750,0x00000000da900000)
  to   space 8704K, 0% used [0x00000000dd700000,0x00000000dd700000,0x00000000ddf80000)
 ParOldGen       total 53248K, used 6881K [0x0000000082c00000, 0x0000000086000000, 0x00000000d6400000)
  object space 53248K, 12% used [0x0000000082c00000,0x00000000832b85c8,0x0000000086000000)
 Metaspace       used 22021K, capacity 22984K, committed 23168K, reserved 1069056K
  class space    used 2729K, capacity 2944K, committed 2944K, reserved 1048576K
}
Event: 1.726 GC heap before
{Heap before GC invocations=7 (full 1):
 PSYoungGen      total 70656K, used 70653K [0x00000000d6400000, 0x00000000ddf80000, 0x0000000100000000)
  eden space 65536K, 100% used [0x00000000d6400000,0x00000000da400000,0x00000000da400000)
  from space 5120K, 99% used [0x00000000da400000,0x00000000da8ff750,0x00000000da900000)
  to   space 8704K, 0% used [0x00000000dd700000,0x00000000dd700000,0x00000000ddf80000)
 ParOldGen       total 53248K, used 6881K [0x0000000082c00000, 0x0000000086000000, 0x00000000d6400000)
  object space 53248K, 12% used [0x0000000082c00000,0x00000000832b85c8,0x0000000086000000)
 Metaspace       used 22118K, capacity 23112K, committed 23168K, reserved 1069056K
  class space    used 2730K, capacity 2944K, committed 2944K, reserved 1048576K
Event: 1.732 GC heap after
Heap after GC invocations=7 (full 1):
 PSYoungGen      total 115200K, used 6880K [0x00000000d6400000, 0x00000000dde00000, 0x0000000100000000)
  eden space 108032K, 0% used [0x00000000d6400000,0x00000000d6400000,0x00000000dcd80000)
  from space 7168K, 95% used [0x00000000dd700000,0x00000000dddb8000,0x00000000dde00000)
  to   space 8192K, 0% used [0x00000000dce00000,0x00000000dce00000,0x00000000dd600000)
 ParOldGen       total 53248K, used 6889K [0x0000000082c00000, 0x0000000086000000, 0x00000000d6400000)
  object space 53248K, 12% used [0x0000000082c00000,0x00000000832ba5c8,0x0000000086000000)
 Metaspace       used 22118K, capacity 23112K, committed 23168K, reserved 1069056K
  class space    used 2730K, capacity 2944K, committed 2944K, reserved 1048576K
}
Event: 2.118 GC heap before
{Heap before GC invocations=8 (full 1):
 PSYoungGen      total 115200K, used 114912K [0x00000000d6400000, 0x00000000dde00000, 0x0000000100000000)
  eden space 108032K, 100% used [0x00000000d6400000,0x00000000dcd80000,0x00000000dcd80000)
  from space 7168K, 95% used [0x00000000dd700000,0x00000000dddb8000,0x00000000dde00000)
  to   space 8192K, 0% used [0x00000000dce00000,0x00000000dce00000,0x00000000dd600000)
 ParOldGen       total 53248K, used 6889K [0x0000000082c00000, 0x0000000086000000, 0x00000000d6400000)
  object space 53248K, 12% used [0x0000000082c00000,0x00000000832ba5c8,0x0000000086000000)
 Metaspace       used 22170K, capacity 23124K, committed 23296K, reserved 1069056K
  class space    used 2744K, capacity 2946K, committed 3072K, reserved 1048576K
Event: 2.137 GC heap after
Heap after GC invocations=8 (full 1):
 PSYoungGen      total 116736K, used 8174K [0x00000000d6400000, 0x00000000e3300000, 0x0000000100000000)
  eden space 108544K, 0% used [0x00000000d6400000,0x00000000d6400000,0x00000000dce00000)
  from space 8192K, 99% used [0x00000000dce00000,0x00000000dd5fbbf0,0x00000000dd600000)
  to   space 15872K, 0% used [0x00000000e2380000,0x00000000e2380000,0x00000000e3300000)
 ParOldGen       total 53248K, used 20733K [0x0000000082c00000, 0x0000000086000000, 0x00000000d6400000)
  object space 53248K, 38% used [0x0000000082c00000,0x000000008403f608,0x0000000086000000)
 Metaspace       used 22170K, capacity 23124K, committed 23296K, reserved 1069056K
  class space    used 2744K, capacity 2946K, committed 3072K, reserved 1048576K
}
Event: 2.450 GC heap before
{Heap before GC invocations=9 (full 1):
 PSYoungGen      total 116736K, used 116718K [0x00000000d6400000, 0x00000000e3300000, 0x0000000100000000)
  eden space 108544K, 100% used [0x00000000d6400000,0x00000000dce00000,0x00000000dce00000)
  from space 8192K, 99% used [0x00000000dce00000,0x00000000dd5fbbf0,0x00000000dd600000)
  to   space 15872K, 0% used [0x00000000e2380000,0x00000000e2380000,0x00000000e3300000)
 ParOldGen       total 53248K, used 20733K [0x0000000082c00000, 0x0000000086000000, 0x00000000d6400000)
  object space 53248K, 38% used [0x0000000082c00000,0x000000008403f608,0x0000000086000000)
 Metaspace       used 22208K, capacity 23188K, committed 23552K, reserved 1069056K
  class space    used 2753K, capacity 2946K, committed 3072K, reserved 1048576K
Event: 2.465 GC heap after
Heap after GC invocations=9 (full 1):
 PSYoungGen      total 191488K, used 15860K [0x00000000d6400000, 0x00000000e3e80000, 0x0000000100000000)
  eden space 175616K, 0% used [0x00000000d6400000,0x00000000d6400000,0x00000000e0f80000)
  from space 15872K, 99% used [0x00000000e2380000,0x00000000e32fd1b8,0x00000000e3300000)
  to   space 20480K, 0% used [0x00000000e0f80000,0x00000000e0f80000,0x00000000e2380000)
 ParOldGen       total 53248K, used 25511K [0x0000000082c00000, 0x0000000086000000, 0x00000000d6400000)
  object space 53248K, 47% used [0x0000000082c00000,0x00000000844e9d68,0x0000000086000000)
 Metaspace       used 22208K, capacity 23188K, committed 23552K, reserved 1069056K
  class space    used 2753K, capacity 2946K, committed 3072K, reserved 1048576K
}

