# JRE version: Java(TM) SE Runtime Environment (8.0_333-b02) (build 1.8.0_333-b02)
# Java VM: Java HotSpot(TM) 64-Bit Server VM (25.333-b02 mixed mode windows-amd64 compressed oops)
Heap:
 PSYoungGen      total 110592K, used 18656K [0x00000000d6400000, 0x00000000dda80000, 0x0000000100000000)
  eden space 101888K, 9% used [0x00000000d6400000,0x00000000d6dbb1d0,0x00000000dc780000)
  from space 8704K, 99% used [0x00000000dd000000,0x00000000dd87cff8,0x00000000dd880000)
  to   space 8704K, 0% used [0x00000000dc780000,0x00000000dc780000,0x00000000dd000000)
 ParOldGen       total 57344K, used 28856K [0x0000000082c00000, 0x0000000086400000, 0x00000000d6400000)
  object space 57344K, 50% used [0x0000000082c00000,0x000000008482e238,0x0000000086400000)
 Metaspace       used 35562K, capacity 37290K, committed 37504K, reserved 1081344K
  class space    used 4375K, capacity 4711K, committed 4736K, reserved 1048576K
GC Heap History (10 events):
Event: 1.937 GC heap before
{Heap before GC invocations=8 (full 1):
 PSYoungGen      total 110592K, used 108797K [0x00000000d6400000, 0x00000000dda80000, 0x0000000100000000)
  eden space 101888K, 100% used [0x00000000d6400000,0x00000000dc780000,0x00000000dc780000)
  from space 8704K, 79% used [0x00000000dd000000,0x00000000dd6bf718,0x00000000dd880000)
  to   space 8704K, 0% used [0x00000000dc780000,0x00000000dc780000,0x00000000dd000000)
 ParOldGen       total 57344K, used 6959K [0x0000000082c00000, 0x0000000086400000, 0x00000000d6400000)
  object space 57344K, 12% used [0x0000000082c00000,0x00000000832cbd58,0x0000000086400000)
 Metaspace       used 22178K, capacity 23124K, committed 23296K, reserved 1069056K
  class space    used 2743K, capacity 2946K, committed 3072K, reserved 1048576K
Event: 1.954 GC heap after
Heap after GC invocations=8 (full 1):
 PSYoungGen      total 110592K, used 8702K [0x00000000d6400000, 0x00000000dda80000, 0x0000000100000000)
  eden space 101888K, 0% used [0x00000000d6400000,0x00000000d6400000,0x00000000dc780000)
  from space 8704K, 99% used [0x00000000dc780000,0x00000000dcfffb28,0x00000000dd000000)
  to   space 8704K, 0% used [0x00000000dd000000,0x00000000dd000000,0x00000000dd880000)
 ParOldGen       total 57344K, used 19757K [0x0000000082c00000, 0x0000000086400000, 0x00000000d6400000)
  object space 57344K, 34% used [0x0000000082c00000,0x0000000083f4b7f8,0x0000000086400000)
 Metaspace       used 22178K, capacity 23124K, committed 23296K, reserved 1069056K
  class space    used 2743K, capacity 2946K, committed 3072K, reserved 1048576K
}
Event: 2.222 GC heap before
{Heap before GC invocations=9 (full 1):
 PSYoungGen      total 110592K, used 110590K [0x00000000d6400000, 0x00000000dda80000, 0x0000000100000000)
  eden space 101888K, 100% used [0x00000000d6400000,0x00000000dc780000,0x00000000dc780000)
  from space 8704K, 99% used [0x00000000dc780000,0x00000000dcfffb28,0x00000000dd000000)
  to   space 8704K, 0% used [0x00000000dd000000,0x00000000dd000000,0x00000000dd880000)
 ParOldGen       total 57344K, used 19757K [0x0000000082c00000, 0x0000000086400000, 0x00000000d6400000)
  object space 57344K, 34% used [0x0000000082c00000,0x0000000083f4b7f8,0x0000000086400000)
 Metaspace       used 22180K, capacity 23124K, committed 23296K, reserved 1069056K
  class space    used 2743K, capacity 2946K, committed 3072K, reserved 1048576K
Event: 2.234 GC heap after
Heap after GC invocations=9 (full 1):
 PSYoungGen      total 110592K, used 8684K [0x00000000d6400000, 0x00000000dda80000, 0x0000000100000000)
  eden space 101888K, 0% used [0x00000000d6400000,0x00000000d6400000,0x00000000dc780000)
  from space 8704K, 99% used [0x00000000dd000000,0x00000000dd87b2d8,0x00000000dd880000)
  to   space 8704K, 0% used [0x00000000dc780000,0x00000000dc780000,0x00000000dd000000)
 ParOldGen       total 57344K, used 29861K [0x0000000082c00000, 0x0000000086400000, 0x00000000d6400000)
  object space 57344K, 52% used [0x0000000082c00000,0x0000000084929780,0x0000000086400000)
 Metaspace       used 22180K, capacity 23124K, committed 23296K, reserved 1069056K
  class space    used 2743K, capacity 2946K, committed 3072K, reserved 1048576K
}
Event: 2.724 GC heap before
{Heap before GC invocations=10 (full 1):
 PSYoungGen      total 110592K, used 110572K [0x00000000d6400000, 0x00000000dda80000, 0x0000000100000000)
  eden space 101888K, 100% used [0x00000000d6400000,0x00000000dc780000,0x00000000dc780000)
  from space 8704K, 99% used [0x00000000dd000000,0x00000000dd87b2d8,0x00000000dd880000)
  to   space 8704K, 0% used [0x00000000dc780000,0x00000000dc780000,0x00000000dd000000)
 ParOldGen       total 57344K, used 29861K [0x0000000082c00000, 0x0000000086400000, 0x00000000d6400000)
  object space 57344K, 52% used [0x0000000082c00000,0x0000000084929780,0x0000000086400000)
 Metaspace       used 24330K, capacity 25410K, committed 25600K, reserved 1071104K
  class space    used 3043K, capacity 3273K, committed 3328K, reserved 1048576K
Event: 2.739 GC heap after
Heap after GC invocations=10 (full 1):
 PSYoungGen      total 110592K, used 8696K [0x00000000d6400000, 0x00000000dda80000, 0x0000000100000000)
  eden space 101888K, 0% used [0x00000000d6400000,0x00000000d6400000,0x00000000dc780000)
  from space 8704K, 99% used [0x00000000dc780000,0x00000000dcffe078,0x00000000dd000000)
  to   space 8704K, 0% used [0x00000000dd000000,0x00000000dd000000,0x00000000dd880000)
 ParOldGen       total 57344K, used 45290K [0x0000000082c00000, 0x0000000086400000, 0x00000000d6400000)
  object space 57344K, 78% used [0x0000000082c00000,0x000000008583a820,0x0000000086400000)
 Metaspace       used 24330K, capacity 25410K, committed 25600K, reserved 1071104K
  class space    used 3043K, capacity 3273K, committed 3328K, reserved 1048576K
}
Event: 2.739 GC heap before
{Heap before GC invocations=11 (full 2):
 PSYoungGen      total 110592K, used 8696K [0x00000000d6400000, 0x00000000dda80000, 0x0000000100000000)
  eden space 101888K, 0% used [0x00000000d6400000,0x00000000d6400000,0x00000000dc780000)
  from space 8704K, 99% used [0x00000000dc780000,0x00000000dcffe078,0x00000000dd000000)
  to   space 8704K, 0% used [0x00000000dd000000,0x00000000dd000000,0x00000000dd880000)
 ParOldGen       total 57344K, used 45290K [0x0000000082c00000, 0x0000000086400000, 0x00000000d6400000)
  object space 57344K, 78% used [0x0000000082c00000,0x000000008583a820,0x0000000086400000)
 Metaspace       used 24330K, capacity 25410K, committed 25600K, reserved 1071104K
  class space    used 3043K, capacity 3273K, committed 3328K, reserved 1048576K
Event: 2.773 GC heap after
Heap after GC invocations=11 (full 2):
 PSYoungGen      total 110592K, used 0K [0x00000000d6400000, 0x00000000dda80000, 0x0000000100000000)
  eden space 101888K, 0% used [0x00000000d6400000,0x00000000d6400000,0x00000000dc780000)
  from space 8704K, 0% used [0x00000000dc780000,0x00000000dc780000,0x00000000dd000000)
  to   space 8704K, 0% used [0x00000000dd000000,0x00000000dd000000,0x00000000dd880000)
 ParOldGen       total 57344K, used 27953K [0x0000000082c00000, 0x0000000086400000, 0x00000000d6400000)
  object space 57344K, 48% used [0x0000000082c00000,0x000000008474c688,0x0000000086400000)
 Metaspace       used 24330K, capacity 25410K, committed 25600K, reserved 1071104K
  class space    used 3043K, capacity 3273K, committed 3328K, reserved 1048576K
}
Event: 3.718 GC heap before
{Heap before GC invocations=12 (full 2):
 PSYoungGen      total 110592K, used 101888K [0x00000000d6400000, 0x00000000dda80000, 0x0000000100000000)
  eden space 101888K, 100% used [0x00000000d6400000,0x00000000dc780000,0x00000000dc780000)
  from space 8704K, 0% used [0x00000000dc780000,0x00000000dc780000,0x00000000dd000000)
  to   space 8704K, 0% used [0x00000000dd000000,0x00000000dd000000,0x00000000dd880000)
 ParOldGen       total 57344K, used 27953K [0x0000000082c00000, 0x0000000086400000, 0x00000000d6400000)
  object space 57344K, 48% used [0x0000000082c00000,0x000000008474c688,0x0000000086400000)
 Metaspace       used 35389K, capacity 37122K, committed 37248K, reserved 1081344K
  class space    used 4361K, capacity 4677K, committed 4736K, reserved 1048576K
Event: 3.723 GC heap after
Heap after GC invocations=12 (full 2):
 PSYoungGen      total 110592K, used 8691K [0x00000000d6400000, 0x00000000dda80000, 0x0000000100000000)
  eden space 101888K, 0% used [0x00000000d6400000,0x00000000d6400000,0x00000000dc780000)
  from space 8704K, 99% used [0x00000000dd000000,0x00000000dd87cff8,0x00000000dd880000)
  to   space 8704K, 0% used [0x00000000dc780000,0x00000000dc780000,0x00000000dd000000)
 ParOldGen       total 57344K, used 28856K [0x0000000082c00000, 0x0000000086400000, 0x00000000d6400000)
  object space 57344K, 50% used [0x0000000082c00000,0x000000008482e238,0x0000000086400000)
 Metaspace       used 35389K, capacity 37122K, committed 37248K, reserved 1081344K
  class space    used 4361K, capacity 4677K, committed 4736K, reserved 1048576K
}

