# JRE version: Java(TM) SE Runtime Environment (8.0_333-b02) (build 1.8.0_333-b02)
# Java VM: Java HotSpot(TM) 64-Bit Server VM (25.333-b02 mixed mode windows-amd64 compressed oops)
Heap:
 PSYoungGen      total 280576K, used 88373K [0x00000000d6400000, 0x00000000e9800000, 0x0000000100000000)
  eden space 252928K, 34% used [0x00000000d6400000,0x00000000dba4d448,0x00000000e5b00000)
  from space 27648K, 0% used [0x00000000e7500000,0x00000000e7500000,0x00000000e9000000)
  to   space 26624K, 0% used [0x00000000e5b00000,0x00000000e5b00000,0x00000000e7500000)
 ParOldGen       total 86528K, used 19328K [0x0000000082c00000, 0x0000000088080000, 0x00000000d6400000)
  object space 86528K, 22% used [0x0000000082c00000,0x0000000083ee03c8,0x0000000088080000)
 Metaspace       used 40551K, capacity 42626K, committed 42840K, reserved 1087488K
  class space    used 5077K, capacity 5441K, committed 5504K, reserved 1048576K
GC Heap History (10 events):
Event: 2.229 GC heap before
{Heap before GC invocations=8 (full 1):
 PSYoungGen      total 115712K, used 113917K [0x00000000d6400000, 0x00000000dde80000, 0x0000000100000000)
  eden space 107008K, 100% used [0x00000000d6400000,0x00000000dcc80000,0x00000000dcc80000)
  from space 8704K, 79% used [0x00000000dd500000,0x00000000ddbbf718,0x00000000ddd80000)
  to   space 8704K, 0% used [0x00000000dcc80000,0x00000000dcc80000,0x00000000dd500000)
 ParOldGen       total 54784K, used 6963K [0x0000000082c00000, 0x0000000086180000, 0x00000000d6400000)
  object space 54784K, 12% used [0x0000000082c00000,0x00000000832ccf68,0x0000000086180000)
 Metaspace       used 22172K, capacity 23124K, committed 23296K, reserved 1069056K
  class space    used 2744K, capacity 2946K, committed 3072K, reserved 1048576K
Event: 2.248 GC heap after
Heap after GC invocations=8 (full 1):
 PSYoungGen      total 115712K, used 8684K [0x00000000d6400000, 0x00000000e3480000, 0x0000000100000000)
  eden space 107008K, 0% used [0x00000000d6400000,0x00000000d6400000,0x00000000dcc80000)
  from space 8704K, 99% used [0x00000000dcc80000,0x00000000dd4fb158,0x00000000dd500000)
  to   space 15872K, 0% used [0x00000000e2500000,0x00000000e2500000,0x00000000e3480000)
 ParOldGen       total 54784K, used 20235K [0x0000000082c00000, 0x0000000086180000, 0x00000000d6400000)
  object space 54784K, 36% used [0x0000000082c00000,0x0000000083fc2c98,0x0000000086180000)
 Metaspace       used 22172K, capacity 23124K, committed 23296K, reserved 1069056K
  class space    used 2744K, capacity 2946K, committed 3072K, reserved 1048576K
}
Event: 2.552 GC heap before
{Heap before GC invocations=9 (full 1):
 PSYoungGen      total 115712K, used 115692K [0x00000000d6400000, 0x00000000e3480000, 0x0000000100000000)
  eden space 107008K, 100% used [0x00000000d6400000,0x00000000dcc80000,0x00000000dcc80000)
  from space 8704K, 99% used [0x00000000dcc80000,0x00000000dd4fb158,0x00000000dd500000)
  to   space 15872K, 0% used [0x00000000e2500000,0x00000000e2500000,0x00000000e3480000)
 ParOldGen       total 54784K, used 20235K [0x0000000082c00000, 0x0000000086180000, 0x00000000d6400000)
  object space 54784K, 36% used [0x0000000082c00000,0x0000000083fc2c98,0x0000000086180000)
 Metaspace       used 22206K, capacity 23188K, committed 23552K, reserved 1069056K
  class space    used 2753K, capacity 2946K, committed 3072K, reserved 1048576K
Event: 2.565 GC heap after
Heap after GC invocations=9 (full 1):
 PSYoungGen      total 193536K, used 15843K [0x00000000d6400000, 0x00000000e3e80000, 0x0000000100000000)
  eden space 177664K, 0% used [0x00000000d6400000,0x00000000d6400000,0x00000000e1180000)
  from space 15872K, 99% used [0x00000000e2500000,0x00000000e3478fe0,0x00000000e3480000)
  to   space 19968K, 0% used [0x00000000e1180000,0x00000000e1180000,0x00000000e2500000)
 ParOldGen       total 54784K, used 24605K [0x0000000082c00000, 0x0000000086180000, 0x00000000d6400000)
  object space 54784K, 44% used [0x0000000082c00000,0x00000000844076a0,0x0000000086180000)
 Metaspace       used 22206K, capacity 23188K, committed 23552K, reserved 1069056K
  class space    used 2753K, capacity 2946K, committed 3072K, reserved 1048576K
}
Event: 3.861 GC heap before
{Heap before GC invocations=10 (full 1):
 PSYoungGen      total 193536K, used 193507K [0x00000000d6400000, 0x00000000e3e80000, 0x0000000100000000)
  eden space 177664K, 100% used [0x00000000d6400000,0x00000000e1180000,0x00000000e1180000)
  from space 15872K, 99% used [0x00000000e2500000,0x00000000e3478fe0,0x00000000e3480000)
  to   space 19968K, 0% used [0x00000000e1180000,0x00000000e1180000,0x00000000e2500000)
 ParOldGen       total 54784K, used 24605K [0x0000000082c00000, 0x0000000086180000, 0x00000000d6400000)
  object space 54784K, 44% used [0x0000000082c00000,0x00000000844076a0,0x0000000086180000)
 Metaspace       used 32191K, capacity 33764K, committed 34048K, reserved 1079296K
  class space    used 3959K, capacity 4236K, committed 4352K, reserved 1048576K
Event: 3.882 GC heap after
Heap after GC invocations=10 (full 1):
 PSYoungGen      total 197632K, used 19943K [0x00000000d6400000, 0x00000000e9000000, 0x0000000100000000)
  eden space 177664K, 0% used [0x00000000d6400000,0x00000000d6400000,0x00000000e1180000)
  from space 19968K, 99% used [0x00000000e1180000,0x00000000e24f9e58,0x00000000e2500000)
  to   space 27648K, 0% used [0x00000000e7500000,0x00000000e7500000,0x00000000e9000000)
 ParOldGen       total 54784K, used 35266K [0x0000000082c00000, 0x0000000086180000, 0x00000000d6400000)
  object space 54784K, 64% used [0x0000000082c00000,0x0000000084e70910,0x0000000086180000)
 Metaspace       used 32191K, capacity 33764K, committed 34048K, reserved 1079296K
  class space    used 3959K, capacity 4236K, committed 4352K, reserved 1048576K
}
Event: 3.947 GC heap before
{Heap before GC invocations=11 (full 1):
 PSYoungGen      total 197632K, used 33864K [0x00000000d6400000, 0x00000000e9000000, 0x0000000100000000)
  eden space 177664K, 7% used [0x00000000d6400000,0x00000000d71983f0,0x00000000e1180000)
  from space 19968K, 99% used [0x00000000e1180000,0x00000000e24f9e58,0x00000000e2500000)
  to   space 27648K, 0% used [0x00000000e7500000,0x00000000e7500000,0x00000000e9000000)
 ParOldGen       total 54784K, used 35266K [0x0000000082c00000, 0x0000000086180000, 0x00000000d6400000)
  object space 54784K, 64% used [0x0000000082c00000,0x0000000084e70910,0x0000000086180000)
 Metaspace       used 33632K, capacity 35310K, committed 35416K, reserved 1081344K
  class space    used 4138K, capacity 4439K, committed 4480K, reserved 1048576K
Event: 3.954 GC heap after
Heap after GC invocations=11 (full 1):
 PSYoungGen      total 280576K, used 7689K [0x00000000d6400000, 0x00000000e9800000, 0x0000000100000000)
  eden space 252928K, 0% used [0x00000000d6400000,0x00000000d6400000,0x00000000e5b00000)
  from space 27648K, 27% used [0x00000000e7500000,0x00000000e7c826d0,0x00000000e9000000)
  to   space 26624K, 0% used [0x00000000e5b00000,0x00000000e5b00000,0x00000000e7500000)
 ParOldGen       total 54784K, used 37906K [0x0000000082c00000, 0x0000000086180000, 0x00000000d6400000)
  object space 54784K, 69% used [0x0000000082c00000,0x0000000085104930,0x0000000086180000)
 Metaspace       used 33632K, capacity 35310K, committed 35416K, reserved 1081344K
  class space    used 4138K, capacity 4439K, committed 4480K, reserved 1048576K
}
Event: 3.954 GC heap before
{Heap before GC invocations=12 (full 2):
 PSYoungGen      total 280576K, used 7689K [0x00000000d6400000, 0x00000000e9800000, 0x0000000100000000)
  eden space 252928K, 0% used [0x00000000d6400000,0x00000000d6400000,0x00000000e5b00000)
  from space 27648K, 27% used [0x00000000e7500000,0x00000000e7c826d0,0x00000000e9000000)
  to   space 26624K, 0% used [0x00000000e5b00000,0x00000000e5b00000,0x00000000e7500000)
 ParOldGen       total 54784K, used 37906K [0x0000000082c00000, 0x0000000086180000, 0x00000000d6400000)
  object space 54784K, 69% used [0x0000000082c00000,0x0000000085104930,0x0000000086180000)
 Metaspace       used 33632K, capacity 35310K, committed 35416K, reserved 1081344K
  class space    used 4138K, capacity 4439K, committed 4480K, reserved 1048576K
Event: 4.006 GC heap after
Heap after GC invocations=12 (full 2):
 PSYoungGen      total 280576K, used 0K [0x00000000d6400000, 0x00000000e9800000, 0x0000000100000000)
  eden space 252928K, 0% used [0x00000000d6400000,0x00000000d6400000,0x00000000e5b00000)
  from space 27648K, 0% used [0x00000000e7500000,0x00000000e7500000,0x00000000e9000000)
  to   space 26624K, 0% used [0x00000000e5b00000,0x00000000e5b00000,0x00000000e7500000)
 ParOldGen       total 86528K, used 19328K [0x0000000082c00000, 0x0000000088080000, 0x00000000d6400000)
  object space 86528K, 22% used [0x0000000082c00000,0x0000000083ee03c8,0x0000000088080000)
 Metaspace       used 33632K, capacity 35310K, committed 35416K, reserved 1081344K
  class space    used 4138K, capacity 4439K, committed 4480K, reserved 1048576K
}

