# JRE version: Java(TM) SE Runtime Environment (8.0_333-b02) (build 1.8.0_333-b02)
# Java VM: Java HotSpot(TM) 64-Bit Server VM (25.333-b02 mixed mode windows-amd64 compressed oops)
Heap:
 PSYoungGen      total 184320K, used 86174K [0x00000000d6400000, 0x00000000e3680000, 0x0000000100000000)
  eden space 168448K, 51% used [0x00000000d6400000,0x00000000db827bb0,0x00000000e0880000)
  from space 15872K, 0% used [0x00000000e1c00000,0x00000000e1c00000,0x00000000e2b80000)
  to   space 19968K, 0% used [0x00000000e0880000,0x00000000e0880000,0x00000000e1c00000)
 ParOldGen       total 93184K, used 20179K [0x0000000082c00000, 0x0000000088700000, 0x00000000d6400000)
  object space 93184K, 21% used [0x0000000082c00000,0x0000000083fb4f28,0x0000000088700000)
 Metaspace       used 40864K, capacity 42914K, committed 43096K, reserved 1087488K
  class space    used 5110K, capacity 5473K, committed 5504K, reserved 1048576K
GC Heap History (10 events):
Event: 1.944 GC heap before
{Heap before GC invocations=8 (full 1):
 PSYoungGen      total 113152K, used 111421K [0x00000000d6400000, 0x00000000ddb80000, 0x0000000100000000)
  eden space 104448K, 100% used [0x00000000d6400000,0x00000000dca00000,0x00000000dca00000)
  from space 8704K, 80% used [0x00000000dd280000,0x00000000dd94f718,0x00000000ddb00000)
  to   space 8704K, 0% used [0x00000000dca00000,0x00000000dca00000,0x00000000dd280000)
 ParOldGen       total 55808K, used 6881K [0x0000000082c00000, 0x0000000086280000, 0x00000000d6400000)
  object space 55808K, 12% used [0x0000000082c00000,0x00000000832b8458,0x0000000086280000)
 Metaspace       used 22162K, capacity 23064K, committed 23296K, reserved 1069056K
  class space    used 2745K, capacity 2946K, committed 3072K, reserved 1048576K
Event: 1.963 GC heap after
Heap after GC invocations=8 (full 1):
 PSYoungGen      total 113152K, used 8683K [0x00000000d6400000, 0x00000000e2b80000, 0x0000000100000000)
  eden space 104448K, 0% used [0x00000000d6400000,0x00000000d6400000,0x00000000dca00000)
  from space 8704K, 99% used [0x00000000dca00000,0x00000000dd27af08,0x00000000dd280000)
  to   space 15872K, 0% used [0x00000000e1c00000,0x00000000e1c00000,0x00000000e2b80000)
 ParOldGen       total 55808K, used 19767K [0x0000000082c00000, 0x0000000086280000, 0x00000000d6400000)
  object space 55808K, 35% used [0x0000000082c00000,0x0000000083f4ded0,0x0000000086280000)
 Metaspace       used 22162K, capacity 23064K, committed 23296K, reserved 1069056K
  class space    used 2745K, capacity 2946K, committed 3072K, reserved 1048576K
}
Event: 2.271 GC heap before
{Heap before GC invocations=9 (full 1):
 PSYoungGen      total 113152K, used 113131K [0x00000000d6400000, 0x00000000e2b80000, 0x0000000100000000)
  eden space 104448K, 100% used [0x00000000d6400000,0x00000000dca00000,0x00000000dca00000)
  from space 8704K, 99% used [0x00000000dca00000,0x00000000dd27af08,0x00000000dd280000)
  to   space 15872K, 0% used [0x00000000e1c00000,0x00000000e1c00000,0x00000000e2b80000)
 ParOldGen       total 55808K, used 19767K [0x0000000082c00000, 0x0000000086280000, 0x00000000d6400000)
  object space 55808K, 35% used [0x0000000082c00000,0x0000000083f4ded0,0x0000000086280000)
 Metaspace       used 22194K, capacity 23192K, committed 23552K, reserved 1069056K
  class space    used 2752K, capacity 2946K, committed 3072K, reserved 1048576K
Event: 2.287 GC heap after
Heap after GC invocations=9 (full 1):
 PSYoungGen      total 184320K, used 15868K [0x00000000d6400000, 0x00000000e3680000, 0x0000000100000000)
  eden space 168448K, 0% used [0x00000000d6400000,0x00000000d6400000,0x00000000e0880000)
  from space 15872K, 99% used [0x00000000e1c00000,0x00000000e2b7f060,0x00000000e2b80000)
  to   space 19968K, 0% used [0x00000000e0880000,0x00000000e0880000,0x00000000e1c00000)
 ParOldGen       total 55808K, used 23562K [0x0000000082c00000, 0x0000000086280000, 0x00000000d6400000)
  object space 55808K, 42% used [0x0000000082c00000,0x0000000084302980,0x0000000086280000)
 Metaspace       used 22194K, capacity 23192K, committed 23552K, reserved 1069056K
  class space    used 2752K, capacity 2946K, committed 3072K, reserved 1048576K
}
Event: 3.442 GC heap before
{Heap before GC invocations=10 (full 1):
 PSYoungGen      total 184320K, used 184316K [0x00000000d6400000, 0x00000000e3680000, 0x0000000100000000)
  eden space 168448K, 100% used [0x00000000d6400000,0x00000000e0880000,0x00000000e0880000)
  from space 15872K, 99% used [0x00000000e1c00000,0x00000000e2b7f060,0x00000000e2b80000)
  to   space 19968K, 0% used [0x00000000e0880000,0x00000000e0880000,0x00000000e1c00000)
 ParOldGen       total 55808K, used 23562K [0x0000000082c00000, 0x0000000086280000, 0x00000000d6400000)
  object space 55808K, 42% used [0x0000000082c00000,0x0000000084302980,0x0000000086280000)
 Metaspace       used 30604K, capacity 32180K, committed 32256K, reserved 1077248K
  class space    used 3800K, capacity 4082K, committed 4096K, reserved 1048576K
Event: 3.478 GC heap after
Heap after GC invocations=10 (full 1):
 PSYoungGen      total 188416K, used 19953K [0x00000000d6400000, 0x00000000e3680000, 0x0000000100000000)
  eden space 168448K, 0% used [0x00000000d6400000,0x00000000d6400000,0x00000000e0880000)
  from space 19968K, 99% used [0x00000000e0880000,0x00000000e1bfc760,0x00000000e1c00000)
  to   space 15872K, 0% used [0x00000000e1c00000,0x00000000e1c00000,0x00000000e2b80000)
 ParOldGen       total 55808K, used 33702K [0x0000000082c00000, 0x0000000086280000, 0x00000000d6400000)
  object space 55808K, 60% used [0x0000000082c00000,0x0000000084ce9990,0x0000000086280000)
 Metaspace       used 30604K, capacity 32180K, committed 32256K, reserved 1077248K
  class space    used 3800K, capacity 4082K, committed 4096K, reserved 1048576K
}
Event: 3.903 GC heap before
{Heap before GC invocations=11 (full 1):
 PSYoungGen      total 188416K, used 49476K [0x00000000d6400000, 0x00000000e3680000, 0x0000000100000000)
  eden space 168448K, 17% used [0x00000000d6400000,0x00000000d80d4b00,0x00000000e0880000)
  from space 19968K, 99% used [0x00000000e0880000,0x00000000e1bfc760,0x00000000e1c00000)
  to   space 15872K, 0% used [0x00000000e1c00000,0x00000000e1c00000,0x00000000e2b80000)
 ParOldGen       total 55808K, used 33702K [0x0000000082c00000, 0x0000000086280000, 0x00000000d6400000)
  object space 55808K, 60% used [0x0000000082c00000,0x0000000084ce9990,0x0000000086280000)
 Metaspace       used 33644K, capacity 35310K, committed 35416K, reserved 1081344K
  class space    used 4139K, capacity 4439K, committed 4480K, reserved 1048576K
Event: 3.908 GC heap after
Heap after GC invocations=11 (full 1):
 PSYoungGen      total 184320K, used 8732K [0x00000000d6400000, 0x00000000e3680000, 0x0000000100000000)
  eden space 168448K, 0% used [0x00000000d6400000,0x00000000d6400000,0x00000000e0880000)
  from space 15872K, 55% used [0x00000000e1c00000,0x00000000e2487050,0x00000000e2b80000)
  to   space 19968K, 0% used [0x00000000e0880000,0x00000000e0880000,0x00000000e1c00000)
 ParOldGen       total 55808K, used 36222K [0x0000000082c00000, 0x0000000086280000, 0x00000000d6400000)
  object space 55808K, 64% used [0x0000000082c00000,0x0000000084f5f9b0,0x0000000086280000)
 Metaspace       used 33644K, capacity 35310K, committed 35416K, reserved 1081344K
  class space    used 4139K, capacity 4439K, committed 4480K, reserved 1048576K
}
Event: 3.908 GC heap before
{Heap before GC invocations=12 (full 2):
 PSYoungGen      total 184320K, used 8732K [0x00000000d6400000, 0x00000000e3680000, 0x0000000100000000)
  eden space 168448K, 0% used [0x00000000d6400000,0x00000000d6400000,0x00000000e0880000)
  from space 15872K, 55% used [0x00000000e1c00000,0x00000000e2487050,0x00000000e2b80000)
  to   space 19968K, 0% used [0x00000000e0880000,0x00000000e0880000,0x00000000e1c00000)
 ParOldGen       total 55808K, used 36222K [0x0000000082c00000, 0x0000000086280000, 0x00000000d6400000)
  object space 55808K, 64% used [0x0000000082c00000,0x0000000084f5f9b0,0x0000000086280000)
 Metaspace       used 33644K, capacity 35310K, committed 35416K, reserved 1081344K
  class space    used 4139K, capacity 4439K, committed 4480K, reserved 1048576K
Event: 3.950 GC heap after
Heap after GC invocations=12 (full 2):
 PSYoungGen      total 184320K, used 0K [0x00000000d6400000, 0x00000000e3680000, 0x0000000100000000)
  eden space 168448K, 0% used [0x00000000d6400000,0x00000000d6400000,0x00000000e0880000)
  from space 15872K, 0% used [0x00000000e1c00000,0x00000000e1c00000,0x00000000e2b80000)
  to   space 19968K, 0% used [0x00000000e0880000,0x00000000e0880000,0x00000000e1c00000)
 ParOldGen       total 93184K, used 20179K [0x0000000082c00000, 0x0000000088700000, 0x00000000d6400000)
  object space 93184K, 21% used [0x0000000082c00000,0x0000000083fb4f28,0x0000000088700000)
 Metaspace       used 33644K, capacity 35310K, committed 35416K, reserved 1081344K
  class space    used 4139K, capacity 4439K, committed 4480K, reserved 1048576K
}

